\BOOKMARK [1][-]{section.1}{Introduction}{}% 1
\BOOKMARK [2][-]{subsection.1.1}{From topological spaces to C*-algebras}{section.1}% 2
\BOOKMARK [2][-]{subsection.1.2}{From coarse spaces to C*-algebras}{section.1}% 3
\BOOKMARK [2][-]{subsection.1.3}{From groupoids to C*-algebras}{section.1}% 4
\BOOKMARK [2][-]{subsection.1.4}{From coarse spaces to groupoids}{section.1}% 5
\BOOKMARK [1][-]{section.2}{Controlled K-theory}{}% 6
\BOOKMARK [2][-]{subsection.2.1}{Almost unitaries and almost projections}{section.2}% 7
\BOOKMARK [2][-]{subsection.2.2}{Quantitative objects}{section.2}% 8
\BOOKMARK [2][-]{subsection.2.3}{Controlled exact sequences}{section.2}% 9
\BOOKMARK [2][-]{subsection.2.4}{Morita equivalence}{section.2}% 10
\BOOKMARK [2][-]{subsection.2.5}{Controlled exact sequences}{section.2}% 11
\BOOKMARK [2][-]{subsection.2.6}{Tensorisation in KK-theory}{section.2}% 12
\BOOKMARK [1][-]{section.3}{Assembly Maps}{}% 13
\BOOKMARK [2][-]{subsection.3.1}{Proper groupoids and proper actions}{section.3}% 14
\BOOKMARK [2][-]{subsection.3.2}{Equivariant K-homology}{section.3}% 15
\BOOKMARK [2][-]{subsection.3.3}{Descent functor}{section.3}% 16
\BOOKMARK [2][-]{subsection.3.4}{The assembly map}{section.3}% 17
\BOOKMARK [2][-]{subsection.3.5}{The Baum-Connes conjecture}{section.3}% 18
\BOOKMARK [2][-]{subsection.3.6}{The Coarse Assembly map}{section.3}% 19
\BOOKMARK [1][-]{section.4}{Controlled assembly maps for coarse spaces}{}% 20
\BOOKMARK [2][-]{subsection.4.1}{Controlled descent functor}{section.4}% 21
\BOOKMARK [3][-]{subsubsection.4.1.1}{Odd case}{subsection.4.1}% 22
\BOOKMARK [3][-]{subsubsection.4.1.2}{Even case}{subsection.4.1}% 23
\BOOKMARK [1][-]{section.5}{Controlled assembly maps for \351tale groupoids}{}% 24
\BOOKMARK [2][-]{subsection.5.1}{Kasparov transform}{section.5}% 25
\BOOKMARK [3][-]{subsubsection.5.1.1}{Odd case}{subsection.5.1}% 26
\BOOKMARK [3][-]{subsubsection.5.1.2}{Even case}{subsection.5.1}% 27
\BOOKMARK [2][-]{subsection.5.2}{Quantitative assembly maps}{section.5}% 28
\BOOKMARK [1][-]{section.6}{A quantitative K\374nneth formula}{}% 29
\BOOKMARK [2][-]{subsection.6.1}{Baum-Connes and the K\374nneth formula}{section.6}% 30
\BOOKMARK [1][-]{section.7}{Review of quantitative K-theory}{}% 31
\BOOKMARK [2][-]{subsection.7.1}{Roe algebras and filtration}{section.7}% 32
\BOOKMARK [2][-]{subsection.7.2}{Definition of quantitative K-theory}{section.7}% 33
\BOOKMARK [2][-]{subsection.7.3}{Morita equivalence}{section.7}% 34
\BOOKMARK [2][-]{subsection.7.4}{Quantitative boundary maps}{section.7}% 35
\BOOKMARK [1][-]{section.8}{Quantitative statements}{}% 36
\BOOKMARK [2][-]{subsection.8.1}{A reminder on groupoids action}{section.8}% 37
\BOOKMARK [2][-]{subsection.8.2}{The Baum-Connes conjecture}{section.8}% 38
\BOOKMARK [2][-]{subsection.8.3}{Length, propagation and controlled six-terms exact sequence}{section.8}% 39
\BOOKMARK [2][-]{subsection.8.4}{The Kasparov transform}{section.8}% 40
\BOOKMARK [3][-]{subsubsection.8.4.1}{Odd case}{subsection.8.4}% 41
\BOOKMARK [3][-]{subsubsection.8.4.2}{Even case}{subsection.8.4}% 42
\BOOKMARK [2][-]{subsection.8.5}{Quantitative assembly maps}{section.8}% 43
\BOOKMARK [3][-]{subsubsection.8.5.1}{Classifying space for proper actions}{subsection.8.5}% 44
\BOOKMARK [2][-]{subsection.8.6}{Quantitative statements}{section.8}% 45
\BOOKMARK [1][-]{section.9}{Decomposition complexity}{}% 46
\BOOKMARK [2][-]{subsection.9.1}{Examples and applications}{section.9}% 47
\BOOKMARK [1][-]{section.10}{ Mayer-Vietoris exact sequences and controlled cutting and pasting}{}% 48
\BOOKMARK [2][-]{subsection.10.1}{Mayer-Vietoris sequence in K-homology}{section.10}% 49
\BOOKMARK [2][-]{subsection.10.2}{Standard modules}{section.10}% 50
\BOOKMARK [1][-]{section.11}{Nuclear dimension}{}% 51
