\BOOKMARK [1][-]{section.1}{Groupo\357ds}{}% 1
\BOOKMARK [2][-]{subsection.1.1}{Definitions}{section.1}% 2
\BOOKMARK [2][-]{subsection.1.2}{Principal \351tale groupoids}{section.1}% 3
\BOOKMARK [1][-]{section.2}{Stone-Cech compactification}{}% 4
\BOOKMARK [1][-]{section.3}{Asymptotic dimension}{}% 5
\BOOKMARK [1][-]{section.4}{Assembly maps for groupoids and for coarse spaces}{}% 6
\BOOKMARK [2][-]{subsection.4.1}{The case of a finitely generated group}{section.4}% 7
\BOOKMARK [2][-]{subsection.4.2}{Relation between the coarse and the groupoid assembly maps}{section.4}% 8
\BOOKMARK [1][-]{section.5}{Correspondance between the coarse K-homology of a space and the one of its coarse groupoid}{}% 9
\BOOKMARK [1][-]{section.6}{S\351minaire KK-th\351orie et groupe quantique, expos\351s du 17 et 24 Octobre 2014}{}% 10
\BOOKMARK [2][-]{subsection.6.1}{Motivations}{section.6}% 11
\BOOKMARK [2][-]{subsection.6.2}{Propri\351t\351s de K0}{section.6}% 12
\BOOKMARK [3][-]{subsubsection.6.2.1}{Equivalence entre les relations d'\351quivalences sur les projecteurs modulo stabilisation}{subsection.6.2}% 13
\BOOKMARK [3][-]{subsubsection.6.2.2}{Limites inductives}{subsection.6.2}% 14
\BOOKMARK [3][-]{subsubsection.6.2.3}{Suites exactes}{subsection.6.2}% 15
\BOOKMARK [2][-]{subsection.6.3}{Foncteur K1}{section.6}% 16
\BOOKMARK [3][-]{subsubsection.6.3.1}{D\351finition}{subsection.6.3}% 17
\BOOKMARK [3][-]{subsubsection.6.3.2}{Suspension}{subsection.6.3}% 18
\BOOKMARK [3][-]{subsubsection.6.3.3}{Indice}{subsection.6.3}% 19
\BOOKMARK [2][-]{subsection.6.4}{Periodicit\351 de Bott}{section.6}% 20
