\BOOKMARK [1][-]{section.1}{Simple examples for Baum-Connes for groupoids}{}% 1
\BOOKMARK [2][-]{subsection.1.1}{Non commutative tori}{section.1}% 2
\BOOKMARK [2][-]{subsection.1.2}{Principal bundle over U\(2\)}{section.1}% 3
\BOOKMARK [2][-]{subsection.1.3}{Foliations}{section.1}% 4
\BOOKMARK [2][-]{subsection.1.4}{An example from physics}{section.1}% 5
\BOOKMARK [1][-]{section.2}{Parabolic induction and Hilbert modules}{}% 6
\BOOKMARK [2][-]{subsection.2.1}{In SL\(2,R\)}{section.2}% 7
\BOOKMARK [1][-]{section.3}{Universal Coefficient Theorem}{}% 8
\BOOKMARK [2][-]{subsection.3.1}{Other questions}{section.3}% 9
\BOOKMARK [1][-]{section.4}{Funky questions, ideas of talks}{}% 10
\BOOKMARK [2][-]{subsection.4.1}{Expanders}{section.4}% 11
\BOOKMARK [3][-]{subsubsection.4.1.1}{Plan of the talk}{subsection.4.1}% 12
\BOOKMARK [3][-]{subsubsection.4.1.2}{Questions}{subsection.4.1}% 13
\BOOKMARK [2][-]{subsection.4.2}{Ideas of funky talks}{section.4}% 14
\BOOKMARK [1][-]{section.5}{A list of books}{}% 15
\BOOKMARK [1][-]{section.6}{Seminar}{}% 16
\BOOKMARK [2][-]{subsection.6.1}{Cartan subalgebras}{section.6}% 17
\BOOKMARK [2][-]{subsection.6.2}{Classification and the UCT}{section.6}% 18
\BOOKMARK [1][-]{section.7}{Groups}{}% 19
\BOOKMARK [1][-]{section.8}{C*-algebras}{}% 20
\BOOKMARK [1][-]{section.9}{Noncommutative geometry}{}% 21
\BOOKMARK [2][-]{subsection.9.1}{Why SUq\(2\)?}{section.9}% 22
\BOOKMARK [2][-]{subsection.9.2}{TQFT}{section.9}% 23
\BOOKMARK [2][-]{subsection.9.3}{Reminder}{section.9}% 24
\BOOKMARK [1][-]{section.10}{Langlands}{}% 25
\BOOKMARK [1][-]{section.11}{Haagerup property, cocycles and the mapping class group}{}% 26
