\BOOKMARK [1][-]{section.1}{Introduction}{}% 1
\BOOKMARK [2][-]{subsection.1.1}{Preliminaries}{section.1}% 2
\BOOKMARK [2][-]{subsection.1.2}{To insert into the main corpus}{section.1}% 3
\BOOKMARK [1][-]{section.2}{K-theory controlled by a coarse structure}{}% 4
\BOOKMARK [2][-]{subsection.2.1}{Almost unitaries and almost projections}{section.2}% 5
\BOOKMARK [2][-]{subsection.2.2}{Quantitative objects}{section.2}% 6
\BOOKMARK [2][-]{subsection.2.3}{Controlled exact sequences}{section.2}% 7
\BOOKMARK [2][-]{subsection.2.4}{Morita equivalence}{section.2}% 8
\BOOKMARK [2][-]{subsection.2.5}{Controlled 6-term exact sequences}{section.2}% 9
\BOOKMARK [2][-]{subsection.2.6}{Tensorisation in KK-theory}{section.2}% 10
\BOOKMARK [2][-]{subsection.2.7}{Controlled Bott periodicity}{section.2}% 11
\BOOKMARK [1][-]{section.3}{Controlled assembly maps for \351tale groupoids}{}% 12
\BOOKMARK [2][-]{subsection.3.1}{Controlled Kasparov transform}{section.3}% 13
\BOOKMARK [3][-]{subsubsection.3.1.1}{Odd case}{subsection.3.1}% 14
\BOOKMARK [3][-]{subsubsection.3.1.2}{Even case}{subsection.3.1}% 15
\BOOKMARK [2][-]{subsection.3.2}{Quantitative assembly maps}{section.3}% 16
\BOOKMARK [2][-]{subsection.3.3}{Quantitative statements}{section.3}% 17
\BOOKMARK [2][-]{subsection.3.4}{Persistence approximation property}{section.3}% 18
\BOOKMARK [1][-]{section.4}{Controlled assembly maps for coarse spaces}{}% 19
\BOOKMARK [2][-]{subsection.4.1}{Controlled Roe transform}{section.4}% 20
\BOOKMARK [3][-]{subsubsection.4.1.1}{Odd case}{subsection.4.1}% 21
\BOOKMARK [3][-]{subsubsection.4.1.2}{Even case}{subsection.4.1}% 22
\BOOKMARK [2][-]{subsection.4.2}{Controlled coarse assembly maps}{section.4}% 23
\BOOKMARK [1][-]{section.5}{Applications to Coarse Geometry}{}% 24
\BOOKMARK [2][-]{subsection.5.1}{Equivalence between the controlled coarse assembly map for X and the controlled assembly map for G with coefficients in l\(X,K\)}{section.5}% 25
\BOOKMARK [2][-]{subsection.5.2}{Fibred coarse embedding}{section.5}% 26
\BOOKMARK [1][-]{section.6}{Controlled Kasparov transform for discrete Quantum Groups}{}% 27
