\BOOKMARK [0][-]{chapter.1}{Metric spaces}{}% 1
\BOOKMARK [1][-]{section.1.1}{Definitions}{chapter.1}% 2
\BOOKMARK [1][-]{section.1.2}{Groups and their graphs}{chapter.1}% 3
\BOOKMARK [1][-]{section.1.3}{Actions of groups}{chapter.1}% 4
\BOOKMARK [1][-]{section.1.4}{Compactifications}{chapter.1}% 5
\BOOKMARK [2][-]{subsection.1.4.1}{Stone-Cech compactification}{section.1.4}% 6
\BOOKMARK [2][-]{subsection.1.4.2}{Limits spaces}{section.1.4}% 7
\BOOKMARK [1][-]{section.1.5}{Infinite dimensional spaces}{chapter.1}% 8
\BOOKMARK [1][-]{section.1.6}{Coarse embeddings into Hilbert spaces}{chapter.1}% 9
\BOOKMARK [2][-]{subsection.1.6.1}{Kernels}{section.1.6}% 10
\BOOKMARK [2][-]{subsection.1.6.2}{A-T-menablity and group actions}{section.1.6}% 11
\BOOKMARK [2][-]{subsection.1.6.3}{Tensor products of Banach spaces}{section.1.6}% 12
\BOOKMARK [1][-]{section.1.7}{Problems}{chapter.1}% 13
\BOOKMARK [1][-]{section.1.8}{References}{chapter.1}% 14
\BOOKMARK [0][-]{chapter.2}{Groupoids}{}% 15
\BOOKMARK [1][-]{section.2.1}{Groupoid as local symmetries}{chapter.2}% 16
\BOOKMARK [1][-]{section.2.2}{Coarse groupoid}{chapter.2}% 17
\BOOKMARK [1][-]{section.2.3}{Haagerup's property}{chapter.2}% 18
\BOOKMARK [0][-]{chapter.3}{C*-algebras}{}% 19
\BOOKMARK [1][-]{section.3.1}{Reminder of functional analysis}{chapter.3}% 20
\BOOKMARK [1][-]{section.3.2}{Definitions}{chapter.3}% 21
\BOOKMARK [1][-]{section.3.3}{Exact sequences}{chapter.3}% 22
\BOOKMARK [1][-]{section.3.4}{Roe algebras}{chapter.3}% 23
\BOOKMARK [1][-]{section.3.5}{Groupoid algebras}{chapter.3}% 24
\BOOKMARK [1][-]{section.3.6}{Tensor products}{chapter.3}% 25
\BOOKMARK [1][-]{section.3.7}{Crossed products constuctions}{chapter.3}% 26
\BOOKMARK [1][-]{section.3.8}{Some theorems}{chapter.3}% 27
\BOOKMARK [2][-]{subsection.3.8.1}{Classification}{section.3.8}% 28
\BOOKMARK [1][-]{section.3.9}{Problems}{chapter.3}% 29
\BOOKMARK [0][-]{chapter.4}{Exactness}{}% 30
\BOOKMARK [1][-]{section.4.1}{Property \(T\) and its friends}{chapter.4}% 31
\BOOKMARK [0][-]{chapter.5}{Lectures}{}% 32
\BOOKMARK [1][-]{section.5.1}{Lecture 1}{chapter.5}% 33
\BOOKMARK [1][-]{section.5.2}{Lecture 2}{chapter.5}% 34
\BOOKMARK [1][-]{section.5.3}{Lecture 3}{chapter.5}% 35
\BOOKMARK [2][-]{subsection.5.3.1}{Kernels}{section.5.3}% 36
\BOOKMARK [2][-]{subsection.5.3.2}{Kernels and approximation properties}{section.5.3}% 37
\BOOKMARK [1][-]{section.5.4}{Lecture 4}{chapter.5}% 38
